2025-04-13 14:41:30.962692 - Received CBT.V508.FILE199.PDS from FILE199.XMI 
2025-04-13 14:41:30.963756 - Found $$$#DATE.txt (text/plain) in CBT.V508.FILE199.PDS, moved to PDS/$$$#DATE
2025-04-13 14:41:30.963848 - Found $DOC.txt (text/plain) in CBT.V508.FILE199.PDS, moved to PDS/$DOC
2025-04-13 14:41:30.963925 - Found @FILE199.txt (text/plain) in CBT.V508.FILE199.PDS, moved to PDS/@FILE199
2025-04-13 14:41:30.964000 - Found APFCMD.txt (text/plain) in CBT.V508.FILE199.PDS, moved to PDS/APFCMD
2025-04-13 14:41:30.964060 - Found APFPGM.txt (text/plain) in CBT.V508.FILE199.PDS, moved to PDS/APFPGM
2025-04-13 14:41:30.964115 - Found ASMJCL.txt (text/plain) in CBT.V508.FILE199.PDS, moved to PDS/ASMJCL
2025-04-13 14:41:30.964172 - Found ASMJCLB.txt (text/plain) in CBT.V508.FILE199.PDS, moved to PDS/ASMJCLB
2025-04-13 14:41:30.964262 - Found BLKSPTRK.txt (text/plain) in CBT.V508.FILE199.PDS, moved to PDS/BLKSPTRK
2025-04-13 14:41:30.964353 - Found CMDPGM.txt (text/plain) in CBT.V508.FILE199.PDS, moved to PDS/CMDPGM
2025-04-13 14:41:30.964409 - Found CMDPGM$.jcl (text/plain) in CBT.V508.FILE199.PDS, moved to PDS/CMDPGM$
2025-04-13 14:41:30.964473 - Found COMMAND.txt (text/plain) in CBT.V508.FILE199.PDS, moved to PDS/COMMAND
2025-04-13 14:41:30.964526 - Found HELP.txt (text/plain) in CBT.V508.FILE199.PDS, moved to PDS/HELP
2025-04-13 14:41:30.965950 - Found NEWSTUFF.xmi (application/xmit) in CBT.V508.FILE199.PDS, moved to PDS/NEWSTUFF.xmi
2025-04-13 14:41:31.200176 - Received IBMUSER.COLE.PDS from NEWSTUFF.xmi 
2025-04-13 14:41:31.200774 - Found ASM2ZAP.bin (application/octet-stream) in IBMUSER.COLE.PDS, moved to NEWSTUFF/ASM2ZAP
2025-04-13 14:41:31.200910 - Found BLKSPTRK.txt (text/plain) in IBMUSER.COLE.PDS, moved to NEWSTUFF/BLKSPTRK
2025-04-13 14:41:31.201082 - Found DSCOPY.txt (text/plain) in IBMUSER.COLE.PDS, moved to NEWSTUFF/DSCOPY
2025-04-13 14:41:31.201651 - Found MACROS.bin (application/octet-stream) in IBMUSER.COLE.PDS, moved to NEWSTUFF/MACROS
2025-04-13 14:41:31.202334 - Found SCHEDRUN.bin (application/octet-stream) in IBMUSER.COLE.PDS, moved to NEWSTUFF/SCHEDRUN
2025-04-13 14:41:31.202951 - Found XREFASM.bin (application/octet-stream) in IBMUSER.COLE.PDS, moved to NEWSTUFF/XREFASM
2025-04-13 14:41:31.203595 - Found PROGRAM.txt (text/plain) in CBT.V508.FILE199.PDS, moved to PDS/PROGRAM
